# JRE version: Java(TM) SE Runtime Environment (8.0_241-b07) (build 1.8.0_241-b07)
# Java VM: Java HotSpot(TM) 64-Bit Server VM (25.241-b07 mixed mode windows-amd64 compressed oops)
Heap:
 PSYoungGen      total 22528K, used 1664K [0x0000000780a00000, 0x0000000782780000, 0x00000007c0000000)
  eden space 16896K, 9% used [0x0000000780a00000,0x0000000780ba0098,0x0000000781a80000)
  from space 5632K, 0% used [0x0000000781e00000,0x0000000781e00000,0x0000000782380000)
  to   space 4096K, 0% used [0x0000000782380000,0x0000000782380000,0x0000000782780000)
 ParOldGen       total 11264K, used 11002K [0x0000000701e00000, 0x0000000702900000, 0x0000000780a00000)
  object space 11264K, 97% used [0x0000000701e00000,0x00000007028beaa8,0x0000000702900000)
 Metaspace       used 9366K, capacity 9822K, committed 10112K, reserved 1060864K
  class space    used 1075K, capacity 1106K, committed 1152K, reserved 1048576K
GC Heap History (10 events):
Event: 1.120 GC heap before
{Heap before GC invocations=5 (full 0):
 PSYoungGen      total 6656K, used 6640K [0x0000000780a00000, 0x0000000781100000, 0x00000007c0000000)
  eden space 6144K, 100% used [0x0000000780a00000,0x0000000781000000,0x0000000781000000)
  from space 512K, 96% used [0x0000000781080000,0x00000007810fc010,0x0000000781100000)
  to   space 512K, 0% used [0x0000000781000000,0x0000000781000000,0x0000000781080000)
 ParOldGen       total 5632K, used 884K [0x0000000701e00000, 0x0000000702380000, 0x0000000780a00000)
  object space 5632K, 15% used [0x0000000701e00000,0x0000000701edd080,0x0000000702380000)
 Metaspace       used 7303K, capacity 8212K, committed 8448K, reserved 1056768K
  class space    used 879K, capacity 912K, committed 1024K, reserved 1048576K
Event: 1.127 GC heap after
Heap after GC invocations=5 (full 0):
 PSYoungGen      total 6656K, used 509K [0x0000000780a00000, 0x0000000781a00000, 0x00000007c0000000)
  eden space 6144K, 0% used [0x0000000780a00000,0x0000000780a00000,0x0000000781000000)
  from space 512K, 99% used [0x0000000781000000,0x000000078107f5b8,0x0000000781080000)
  to   space 2048K, 0% used [0x0000000781800000,0x0000000781800000,0x0000000781a00000)
 ParOldGen       total 5632K, used 2267K [0x0000000701e00000, 0x0000000702380000, 0x0000000780a00000)
  object space 5632K, 40% used [0x0000000701e00000,0x0000000702036f60,0x0000000702380000)
 Metaspace       used 7303K, capacity 8212K, committed 8448K, reserved 1056768K
  class space    used 879K, capacity 912K, committed 1024K, reserved 1048576K
}
Event: 1.204 GC heap before
{Heap before GC invocations=6 (full 0):
 PSYoungGen      total 6656K, used 6248K [0x0000000780a00000, 0x0000000781a00000, 0x00000007c0000000)
  eden space 6144K, 93% used [0x0000000780a00000,0x0000000780f9aaa0,0x0000000781000000)
  from space 512K, 99% used [0x0000000781000000,0x000000078107f5b8,0x0000000781080000)
  to   space 2048K, 0% used [0x0000000781800000,0x0000000781800000,0x0000000781a00000)
 ParOldGen       total 5632K, used 2267K [0x0000000701e00000, 0x0000000702380000, 0x0000000780a00000)
  object space 5632K, 40% used [0x0000000701e00000,0x0000000702036f60,0x0000000702380000)
 Metaspace       used 7425K, capacity 8308K, committed 8448K, reserved 1056768K
  class space    used 889K, capacity 944K, committed 1024K, reserved 1048576K
Event: 1.211 GC heap after
Heap after GC invocations=6 (full 0):
 PSYoungGen      total 13312K, used 2037K [0x0000000780a00000, 0x0000000781c00000, 0x00000007c0000000)
  eden space 11264K, 0% used [0x0000000780a00000,0x0000000780a00000,0x0000000781500000)
  from space 2048K, 99% used [0x0000000781800000,0x00000007819fd458,0x0000000781a00000)
  to   space 3072K, 0% used [0x0000000781500000,0x0000000781500000,0x0000000781800000)
 ParOldGen       total 5632K, used 3739K [0x0000000701e00000, 0x0000000702380000, 0x0000000780a00000)
  object space 5632K, 66% used [0x0000000701e00000,0x00000007021a6f60,0x0000000702380000)
 Metaspace       used 7425K, capacity 8308K, committed 8448K, reserved 1056768K
  class space    used 889K, capacity 944K, committed 1024K, reserved 1048576K
}
Event: 1.360 GC heap before
{Heap before GC invocations=7 (full 0):
 PSYoungGen      total 13312K, used 13301K [0x0000000780a00000, 0x0000000781c00000, 0x00000007c0000000)
  eden space 11264K, 100% used [0x0000000780a00000,0x0000000781500000,0x0000000781500000)
  from space 2048K, 99% used [0x0000000781800000,0x00000007819fd458,0x0000000781a00000)
  to   space 3072K, 0% used [0x0000000781500000,0x0000000781500000,0x0000000781800000)
 ParOldGen       total 5632K, used 3739K [0x0000000701e00000, 0x0000000702380000, 0x0000000780a00000)
  object space 5632K, 66% used [0x0000000701e00000,0x00000007021a6f60,0x0000000702380000)
 Metaspace       used 7620K, capacity 8436K, committed 8704K, reserved 1056768K
  class space    used 901K, capacity 944K, committed 1024K, reserved 1048576K
Event: 1.370 GC heap after
Heap after GC invocations=7 (full 0):
 PSYoungGen      total 14336K, used 3042K [0x0000000780a00000, 0x0000000782a00000, 0x00000007c0000000)
  eden space 11264K, 0% used [0x0000000780a00000,0x0000000780a00000,0x0000000781500000)
  from space 3072K, 99% used [0x0000000781500000,0x00000007817f8bd8,0x0000000781800000)
  to   space 5120K, 0% used [0x0000000782500000,0x0000000782500000,0x0000000782a00000)
 ParOldGen       total 6144K, used 5822K [0x0000000701e00000, 0x0000000702400000, 0x0000000780a00000)
  object space 6144K, 94% used [0x0000000701e00000,0x00000007023af818,0x0000000702400000)
 Metaspace       used 7620K, capacity 8436K, committed 8704K, reserved 1056768K
  class space    used 901K, capacity 944K, committed 1024K, reserved 1048576K
}
Event: 1.370 GC heap before
{Heap before GC invocations=8 (full 1):
 PSYoungGen      total 14336K, used 3042K [0x0000000780a00000, 0x0000000782a00000, 0x00000007c0000000)
  eden space 11264K, 0% used [0x0000000780a00000,0x0000000780a00000,0x0000000781500000)
  from space 3072K, 99% used [0x0000000781500000,0x00000007817f8bd8,0x0000000781800000)
  to   space 5120K, 0% used [0x0000000782500000,0x0000000782500000,0x0000000782a00000)
 ParOldGen       total 6144K, used 5822K [0x0000000701e00000, 0x0000000702400000, 0x0000000780a00000)
  object space 6144K, 94% used [0x0000000701e00000,0x00000007023af818,0x0000000702400000)
 Metaspace       used 7620K, capacity 8436K, committed 8704K, reserved 1056768K
  class space    used 901K, capacity 944K, committed 1024K, reserved 1048576K
Event: 1.506 GC heap after
Heap after GC invocations=8 (full 1):
 PSYoungGen      total 14336K, used 2512K [0x0000000780a00000, 0x0000000782a00000, 0x00000007c0000000)
  eden space 11264K, 0% used [0x0000000780a00000,0x0000000780a00000,0x0000000781500000)
  from space 3072K, 81% used [0x0000000781500000,0x00000007817740c8,0x0000000781800000)
  to   space 5120K, 0% used [0x0000000782500000,0x0000000782500000,0x0000000782a00000)
 ParOldGen       total 11264K, used 5785K [0x0000000701e00000, 0x0000000702900000, 0x0000000780a00000)
  object space 11264K, 51% used [0x0000000701e00000,0x00000007023a64c0,0x0000000702900000)
 Metaspace       used 7620K, capacity 8436K, committed 8704K, reserved 1056768K
  class space    used 901K, capacity 944K, committed 1024K, reserved 1048576K
}
Event: 1.740 GC heap before
{Heap before GC invocations=9 (full 1):
 PSYoungGen      total 14336K, used 13776K [0x0000000780a00000, 0x0000000782a00000, 0x00000007c0000000)
  eden space 11264K, 100% used [0x0000000780a00000,0x0000000781500000,0x0000000781500000)
  from space 3072K, 81% used [0x0000000781500000,0x00000007817740c8,0x0000000781800000)
  to   space 5120K, 0% used [0x0000000782500000,0x0000000782500000,0x0000000782a00000)
 ParOldGen       total 11264K, used 5785K [0x0000000701e00000, 0x0000000702900000, 0x0000000780a00000)
  object space 11264K, 51% used [0x0000000701e00000,0x00000007023a64c0,0x0000000702900000)
 Metaspace       used 8406K, capacity 8958K, committed 9216K, reserved 1056768K
  class space    used 984K, capacity 1010K, committed 1024K, reserved 1048576K
Event: 1.747 GC heap after
Heap after GC invocations=9 (full 1):
 PSYoungGen      total 19456K, used 4833K [0x0000000780a00000, 0x0000000782a00000, 0x00000007c0000000)
  eden space 14336K, 0% used [0x0000000780a00000,0x0000000780a00000,0x0000000781800000)
  from space 5120K, 94% used [0x0000000782500000,0x00000007829b8450,0x0000000782a00000)
  to   space 6144K, 0% used [0x0000000781e00000,0x0000000781e00000,0x0000000782400000)
 ParOldGen       total 11264K, used 5801K [0x0000000701e00000, 0x0000000702900000, 0x0000000780a00000)
  object space 11264K, 51% used [0x0000000701e00000,0x00000007023aa4c0,0x0000000702900000)
 Metaspace       used 8406K, capacity 8958K, committed 9216K, reserved 1056768K
  class space    used 984K, capacity 1010K, committed 1024K, reserved 1048576K
}

